# JRE version: OpenJDK Runtime Environment (11.0.13) (build 11.0.13+0-b1751.21-8125866)
# Java VM: OpenJDK 64-Bit Server VM (11.0.13+0-b1751.21-8125866, mixed mode, tiered, compressed oops, g1 gc, windows-amd64)
Heap:
 garbage-first heap   total 131072K, used 52224K [0x0000000081800000, 0x0000000100000000)
  region size 1024K, 20 young (20480K), 8 survivors (8192K)
 Metaspace       used 57746K, capacity 58413K, committed 58700K, reserved 1101824K
  class space    used 6578K, capacity 6857K, committed 6988K, reserved 1048576K
GC Heap History (14 events):
Event: 2.501 GC heap before
{Heap before GC invocations=0 (full 0):
 garbage-first heap   total 131072K, used 17408K [0x0000000081800000, 0x0000000100000000)
  region size 1024K, 14 young (14336K), 0 survivors (0K)
 Metaspace       used 9845K, capacity 9970K, committed 10112K, reserved 1058816K
  class space    used 830K, capacity 853K, committed 896K, reserved 1048576K
}
Event: 2.508 GC heap after
{Heap after GC invocations=1 (full 0):
 garbage-first heap   total 131072K, used 5588K [0x0000000081800000, 0x0000000100000000)
  region size 1024K, 2 young (2048K), 2 survivors (2048K)
 Metaspace       used 9845K, capacity 9970K, committed 10112K, reserved 1058816K
  class space    used 830K, capacity 853K, committed 896K, reserved 1048576K
}
Event: 6.865 GC heap before
{Heap before GC invocations=1 (full 0):
 garbage-first heap   total 131072K, used 51668K [0x0000000081800000, 0x0000000100000000)
  region size 1024K, 48 young (49152K), 2 survivors (2048K)
 Metaspace       used 21017K, capacity 21203K, committed 21248K, reserved 1069056K
  class space    used 2214K, capacity 2287K, committed 2304K, reserved 1048576K
}
Event: 6.887 GC heap after
{Heap after GC invocations=2 (full 0):
 garbage-first heap   total 131072K, used 9184K [0x0000000081800000, 0x0000000100000000)
  region size 1024K, 6 young (6144K), 6 survivors (6144K)
 Metaspace       used 21017K, capacity 21203K, committed 21248K, reserved 1069056K
  class space    used 2214K, capacity 2287K, committed 2304K, reserved 1048576K
}
Event: 12.623 GC heap before
{Heap before GC invocations=3 (full 0):
 garbage-first heap   total 131072K, used 61408K [0x0000000081800000, 0x0000000100000000)
  region size 1024K, 52 young (53248K), 6 survivors (6144K)
 Metaspace       used 31303K, capacity 31786K, committed 31872K, reserved 1077248K
  class space    used 3730K, capacity 3934K, committed 3968K, reserved 1048576K
}
Event: 12.654 GC heap after
{Heap after GC invocations=4 (full 0):
 garbage-first heap   total 131072K, used 21354K [0x0000000081800000, 0x0000000100000000)
  region size 1024K, 7 young (7168K), 7 survivors (7168K)
 Metaspace       used 31303K, capacity 31786K, committed 31872K, reserved 1077248K
  class space    used 3730K, capacity 3934K, committed 3968K, reserved 1048576K
}
Event: 14.435 GC heap before
{Heap before GC invocations=4 (full 0):
 garbage-first heap   total 131072K, used 36714K [0x0000000081800000, 0x0000000100000000)
  region size 1024K, 23 young (23552K), 7 survivors (7168K)
 Metaspace       used 35325K, capacity 35766K, committed 35840K, reserved 1081344K
  class space    used 4387K, capacity 4577K, committed 4608K, reserved 1048576K
}
Event: 14.453 GC heap after
{Heap after GC invocations=5 (full 0):
 garbage-first heap   total 131072K, used 23236K [0x0000000081800000, 0x0000000100000000)
  region size 1024K, 2 young (2048K), 2 survivors (2048K)
 Metaspace       used 35325K, capacity 35766K, committed 35840K, reserved 1081344K
  class space    used 4387K, capacity 4577K, committed 4608K, reserved 1048576K
}
Event: 19.592 GC heap before
{Heap before GC invocations=6 (full 0):
 garbage-first heap   total 131072K, used 74436K [0x0000000081800000, 0x0000000100000000)
  region size 1024K, 52 young (53248K), 2 survivors (2048K)
 Metaspace       used 46028K, capacity 46618K, committed 46796K, reserved 1089536K
  class space    used 5464K, capacity 5713K, committed 5836K, reserved 1048576K
}
Event: 19.606 GC heap after
{Heap after GC invocations=7 (full 0):
 garbage-first heap   total 131072K, used 24754K [0x0000000081800000, 0x0000000100000000)
  region size 1024K, 6 young (6144K), 6 survivors (6144K)
 Metaspace       used 46028K, capacity 46618K, committed 46796K, reserved 1089536K
  class space    used 5464K, capacity 5713K, committed 5836K, reserved 1048576K
}
Event: 24.303 GC heap before
{Heap before GC invocations=7 (full 0):
 garbage-first heap   total 131072K, used 83122K [0x0000000081800000, 0x0000000100000000)
  region size 1024K, 60 young (61440K), 6 survivors (6144K)
 Metaspace       used 49766K, capacity 50449K, committed 50636K, reserved 1093632K
  class space    used 5811K, capacity 6066K, committed 6092K, reserved 1048576K
}
Event: 24.338 GC heap after
{Heap after GC invocations=8 (full 0):
 garbage-first heap   total 131072K, used 32444K [0x0000000081800000, 0x0000000100000000)
  region size 1024K, 6 young (6144K), 6 survivors (6144K)
 Metaspace       used 49766K, capacity 50449K, committed 50636K, reserved 1093632K
  class space    used 5811K, capacity 6066K, committed 6092K, reserved 1048576K
}
Event: 33.915 GC heap before
{Heap before GC invocations=8 (full 0):
 garbage-first heap   total 131072K, used 86716K [0x0000000081800000, 0x0000000100000000)
  region size 1024K, 59 young (60416K), 6 survivors (6144K)
 Metaspace       used 57567K, capacity 58284K, committed 58444K, reserved 1101824K
  class space    used 6574K, capacity 6857K, committed 6988K, reserved 1048576K
}
Event: 33.946 GC heap after
{Heap after GC invocations=9 (full 0):
 garbage-first heap   total 131072K, used 40960K [0x0000000081800000, 0x0000000100000000)
  region size 1024K, 8 young (8192K), 8 survivors (8192K)
 Metaspace       used 57567K, capacity 58284K, committed 58444K, reserved 1101824K
  class space    used 6574K, capacity 6857K, committed 6988K, reserved 1048576K
}

